<?xml version="1.0" encoding="UTF-8"?>
<testng-results ignored="0" total="1" passed="1" failed="0" skipped="0">
  <reporter-output>
  </reporter-output>
  <suite started-at="2024-03-24T19:00:39 IST" name="Default suite" finished-at="2024-03-24T19:00:49 IST" duration-ms="10134">
    <groups>
      <group name="cucumber">
        <method signature="AbstractTestNGCucumberTests.runScenario(io.cucumber.testng.PickleWrapper,io.cucumber.testng.FeatureWrapper)[pri:0, instance:test.Testrunner@1fa121e2]" name="runScenario" class="io.cucumber.testng.AbstractTestNGCucumberTests"/>
      </group> <!-- cucumber -->
    </groups>
    <test started-at="2024-03-24T19:00:39 IST" name="Default test" finished-at="2024-03-24T19:00:49 IST" duration-ms="10134">
      <class name="test.Testrunner">
        <test-method is-config="true" signature="setUpClass(org.testng.ITestContext)[pri:0, instance:test.Testrunner@1fa121e2]" started-at="2024-03-24T19:00:39 IST" name="setUpClass" finished-at="2024-03-24T19:00:40 IST" duration-ms="498" status="PASS">
          <params>
            <param index="0">
              <value>
                <![CDATA[org.testng.TestRunner@367b22e5]]>
              </value>
            </param>
          </params>
          <reporter-output>
          </reporter-output>
        </test-method> <!-- setUpClass -->
        <test-method signature="runScenario(io.cucumber.testng.PickleWrapper,io.cucumber.testng.FeatureWrapper)[pri:0, instance:test.Testrunner@1fa121e2]" started-at="2024-03-24T19:00:40 IST" name="runScenario" description="Runs Cucumber Scenarios" data-provider="scenarios" finished-at="2024-03-24T19:00:49 IST" duration-ms="9500" status="PASS">
          <params>
            <param index="0">
              <value>
                <![CDATA["validating with valid username and password"]]>
              </value>
            </param>
            <param index="1">
              <value>
                <![CDATA["Validating login credentials"]]>
              </value>
            </param>
          </params>
          <reporter-output>
          </reporter-output>
        </test-method> <!-- runScenario -->
        <test-method is-config="true" signature="tearDownClass()[pri:0, instance:test.Testrunner@1fa121e2]" started-at="2024-03-24T19:00:49 IST" name="tearDownClass" finished-at="2024-03-24T19:00:49 IST" duration-ms="82" status="PASS">
          <reporter-output>
          </reporter-output>
        </test-method> <!-- tearDownClass -->
      </class> <!-- test.Testrunner -->
    </test> <!-- Default test -->
  </suite> <!-- Default suite -->
</testng-results>
